  Compiling CUDA source file kernel.cu...
  
  C:\Users\DELL\Documents\Studia\CUDA\Bruteforce-with-Levenshtein-distance\Bruteforce>"C:\Program Files\NVIDIA GPU Computing Toolkit\CUDA\v12.3\bin\nvcc.exe" -gencode=arch=compute_52,code=\"sm_52,compute_52\" --use-local-env -ccbin "C:\Program Files\Microsoft Visual Studio\2022\Enterprise\VC\Tools\MSVC\14.38.33130\bin\HostX64\x64" -x cu   -I"C:\Program Files\NVIDIA GPU Computing Toolkit\CUDA\v12.3\include" -I"C:\Program Files\NVIDIA GPU Computing Toolkit\CUDA\v12.3\include"  -G   --keep-dir x64\Debug  -maxrregcount=0   --machine 64 --compile -cudart static  -g  -DWIN32 -DWIN64 -D_DEBUG -D_CONSOLE -D_MBCS -Xcompiler "/EHsc /W3 /nologo /Od /FS /Zi /RTC1 /MDd " -Xcompiler "/Fdx64\Debug\vc143.pdb" -o C:\Users\DELL\Documents\Studia\CUDA\Bruteforce-with-Levenshtein-distance\Bruteforce\x64\Debug\kernel.cu.obj "C:\Users\DELL\Documents\Studia\CUDA\Bruteforce-with-Levenshtein-distance\Bruteforce\kernel.cu" 
C:\Users\DELL\Documents\Studia\CUDA\Bruteforce-with-Levenshtein-distance\Bruteforce\kernel.cu(11): warning #174-D: expression has no effect
            index + index + 1;
            ^
  
  Remark: The warnings can be suppressed with "-diag-suppress <warning-number>"
  
C:\Users\DELL\Documents\Studia\CUDA\Bruteforce-with-Levenshtein-distance\Bruteforce\kernel.cu(29): warning #69-D: integer conversion resulted in truncation
        dummyKernel << <blocksPerGrid, threadsPerBlock >> > (4294967296);
                                                             ^
  
C:\Users\DELL\Documents\Studia\CUDA\Bruteforce-with-Levenshtein-distance\Bruteforce\kernel.cu(11): warning #174-D: expression has no effect
            index + index + 1;
            ^
  
  Remark: The warnings can be suppressed with "-diag-suppress <warning-number>"
  
C:\Users\DELL\Documents\Studia\CUDA\Bruteforce-with-Levenshtein-distance\Bruteforce\kernel.cu(29): warning #69-D: integer conversion resulted in truncation
        dummyKernel << <blocksPerGrid, threadsPerBlock >> > (4294967296);
                                                             ^
  
  kernel.cu
  tmpxft_00001b68_00000000-7_kernel.cudafe1.cpp
C:\Users\DELL\Documents\Studia\CUDA\Bruteforce-with-Levenshtein-distance\Bruteforce\kernel.cu(28): warning C4244: "inicjowanie": konwersja z "__int64" do "int", możliwa utrata danych
C:\Users\DELL\Documents\Studia\CUDA\Bruteforce-with-Levenshtein-distance\Bruteforce\kernel.cu(29): warning C4305: "argument": obcięcie z "__int64" do "int"
C:\Users\DELL\Documents\Studia\CUDA\Bruteforce-with-Levenshtein-distance\Bruteforce\kernel.cu(29): warning C4309: "argument": obcięcie stałej wartości
  Bruteforce.vcxproj -> C:\Users\DELL\Documents\Studia\CUDA\Bruteforce-with-Levenshtein-distance\Bruteforce\x64\Debug\Bruteforce.exe
